
> polyflow@0.1.0 dev
> next dev

▲ Next.js 16.1.1 (Turbopack)
- Local:         http://localhost:3000
- Network:       http://192.168.0.121:3000
- Environments: .env

✓ Starting...
✓ Ready in 973ms
Error: Route "/inventory" used `searchParams.locationId`. `searchParams` is a Promise and must be unwrapped with `await` or `React.use()` before accessing its properties. Learn more: https://nextjs.org/docs/messages/sync-dynamic-apis
    at getInventoryStats (src/actions/inventory.ts:11:9)
    at InventoryDashboard (src/app/inventory/page.tsx:12:46)
   9 |     const where: Prisma.InventoryWhereInput = {};
  10 |
> 11 |     if (searchParams?.locationId) {
     |         ^
  12 |         where.locationId = searchParams.locationId;
  13 |     }
  14 |
 GET /inventory/adjustment 200 in 2.6s (compile: 1298ms, render: 1273ms)
 GET /inventory/transfer 200 in 2.6s (compile: 1483ms, render: 1159ms)
 GET /inventory/transfer 200 in 496ms (compile: 20ms, render: 476ms)
 GET /inventory 200 in 2.7s (compile: 1391ms, render: 1344ms)
 GET /inventory/history 200 in 2.9s (compile: 1044ms, render: 1832ms)
 GET /inventory/transfer 200 in 275ms (compile: 66ms, render: 209ms)
 GET /inventory/transfer 200 in 180ms (compile: 15ms, render: 165ms)
 GET / 200 in 1178ms (compile: 1106ms, render: 72ms)
 GET /admin 404 in 514ms (compile: 389ms, render: 125ms)
Error: Route "/inventory" used `searchParams.locationId`. `searchParams` is a Promise and must be unwrapped with `await` or `React.use()` before accessing its properties. Learn more: https://nextjs.org/docs/messages/sync-dynamic-apis
    at getInventoryStats (src/actions/inventory.ts:11:9)
    at InventoryDashboard (src/app/inventory/page.tsx:12:46)
   9 |     const where: Prisma.InventoryWhereInput = {};
  10 |
> 11 |     if (searchParams?.locationId) {
     |         ^
  12 |         where.locationId = searchParams.locationId;
  13 |     }
  14 |
 GET /inventory 200 in 157ms (compile: 8ms, render: 149ms)
 GET /inventory/transfer 200 in 30ms (compile: 5ms, render: 24ms)
 GET /inventory/transfer 200 in 170ms (compile: 22ms, render: 148ms)
Error: Route "/inventory" used `searchParams.locationId`. `searchParams` is a Promise and must be unwrapped with `await` or `React.use()` before accessing its properties. Learn more: https://nextjs.org/docs/messages/sync-dynamic-apis
    at getInventoryStats (src/actions/inventory.ts:11:9)
    at InventoryDashboard (src/app/inventory/page.tsx:12:46)
   9 |     const where: Prisma.InventoryWhereInput = {};
  10 |
> 11 |     if (searchParams?.locationId) {
     |         ^
  12 |         where.locationId = searchParams.locationId;
  13 |     }
  14 |
 GET /inventory 200 in 61ms (compile: 8ms, render: 52ms)
 GET /inventory/transfer 200 in 33ms (compile: 3ms, render: 30ms)
 GET /inventory/adjustment 200 in 32ms (compile: 4ms, render: 29ms)
 GET /inventory/history 200 in 35ms (compile: 4ms, render: 32ms)
 GET /inventory/adjustment 200 in 25ms (compile: 2ms, render: 23ms)
 GET /inventory/transfer 200 in 25ms (compile: 2ms, render: 23ms)
✓ Compiled in 1198ms
 GET /inventory/transfer 200 in 923ms (compile: 279ms, render: 644ms)
 GET /inventory/transfer 200 in 514ms (compile: 127ms, render: 387ms)
 GET /inventory/transfer 200 in 48ms (compile: 5ms, render: 42ms)
 GET /inventory/transfer 200 in 530ms (compile: 5ms, render: 524ms)
✓ Compiled in 146ms
✓ Compiled in 107ms
 GET /inventory/transfer 200 in 314ms (compile: 172ms, render: 142ms)
✓ Compiled in 88ms
✓ Compiled in 138ms
 GET /inventory/transfer 200 in 553ms (compile: 237ms, render: 316ms)
Transfer Action Started {
  sourceLocationId: '5f5d4990-8171-436f-8219-a52a73c51b5e',
  destinationLocationId: 'd24c7b5c-d5df-4d2b-adb3-e605660c44a9',
  productVariantId: '6aa0b50e-ce12-499b-83d5-7d37400c4e97',
  quantity: 1,
  notes: '',
  date: 2026-01-04T04:00:13.390Z
}
Transaction Started
Source Stock: {
  id: 'b29e9791-ebca-4f2b-856a-43f799eea4a6',
  locationId: '5f5d4990-8171-436f-8219-a52a73c51b5e',
  productVariantId: '6aa0b50e-ce12-499b-83d5-7d37400c4e97',
  quantity: 1015,
  minStockAlert: null,
  updatedAt: 2026-01-04T00:53:00.634Z
}
Source Decremented
Dest Incremented
Movement Created
 POST /inventory/transfer 200 in 357ms (compile: 23ms, render: 334ms)
 GET /inventory/transfer 200 in 537ms (compile: 4ms, render: 533ms)
 GET /inventory 200 in 557ms (compile: 223ms, render: 334ms)
 GET /inventory 200 in 122ms (compile: 13ms, render: 109ms)
Transfer Action Started {
  sourceLocationId: '5f5d4990-8171-436f-8219-a52a73c51b5e',
  destinationLocationId: 'd24c7b5c-d5df-4d2b-adb3-e605660c44a9',
  productVariantId: 'aa50dee6-be5a-4dcb-b9b4-bce8fb5f14d9',
  quantity: 1,
  date: 2026-01-04T04:02:18.167Z
}
Transaction Started
Source Stock: {
  id: 'f37ead2e-bcca-453e-9194-3dd5e9f0ba3e',
  locationId: '5f5d4990-8171-436f-8219-a52a73c51b5e',
  productVariantId: 'aa50dee6-be5a-4dcb-b9b4-bce8fb5f14d9',
  quantity: 50,
  minStockAlert: null,
  updatedAt: 2026-01-03T23:46:29.446Z
}
Source Decremented
Dest Incremented
Movement Created
 POST /inventory/transfer 200 in 103ms (compile: 8ms, render: 95ms)
 GET /inventory/transfer 200 in 84ms (compile: 3ms, render: 81ms)
 GET /inventory 200 in 60ms (compile: 7ms, render: 53ms)
 GET /inventory 200 in 35ms (compile: 3ms, render: 32ms)
 GET /inventory/transfer 200 in 59ms (compile: 6ms, render: 53ms)
 GET /inventory/adjustment 200 in 283ms (compile: 194ms, render: 89ms)
✓ Compiled in 329ms
 GET /inventory/adjustment 200 in 427ms (compile: 21ms, render: 405ms)
 GET /inventory 200 in 415ms (compile: 160ms, render: 255ms)
 GET /inventory 200 in 634ms (compile: 13ms, render: 621ms)
 GET /inventory?locationId=5f5d4990-8171-436f-8219-a52a73c51b5e 200 in 342ms (compile: 78ms, render: 264ms)
 GET /inventory 200 in 241ms (compile: 11ms, render: 230ms)
 GET /inventory?locationId=d24c7b5c-d5df-4d2b-adb3-e605660c44a9 200 in 63ms (compile: 6ms, render: 57ms)
 GET /inventory?locationId=d24c7b5c-d5df-4d2b-adb3-e605660c44a9 200 in 47ms (compile: 3ms, render: 43ms)
 GET /inventory?locationId=5f5d4990-8171-436f-8219-a52a73c51b5e 200 in 46ms (compile: 5ms, render: 40ms)
 GET /inventory?locationId=d24c7b5c-d5df-4d2b-adb3-e605660c44a9 200 in 50ms (compile: 3ms, render: 47ms)
 GET /inventory 200 in 53ms (compile: 3ms, render: 50ms)
 GET /inventory?locationId=5f5d4990-8171-436f-8219-a52a73c51b5e 200 in 43ms (compile: 3ms, render: 40ms)
 GET /inventory?locationId=dd7090ca-9850-4755-b9e0-408111930dee 200 in 43ms (compile: 4ms, render: 39ms)
 GET /inventory?locationId=d24c7b5c-d5df-4d2b-adb3-e605660c44a9 200 in 48ms (compile: 3ms, render: 45ms)
 GET /inventory?locationId=dd7090ca-9850-4755-b9e0-408111930dee 200 in 40ms (compile: 3ms, render: 37ms)
 GET /inventory?locationId=d24c7b5c-d5df-4d2b-adb3-e605660c44a9 200 in 60ms (compile: 12ms, render: 48ms)
 GET /inventory?locationId=5f5d4990-8171-436f-8219-a52a73c51b5e 200 in 42ms (compile: 3ms, render: 39ms)
 GET /inventory 200 in 48ms (compile: 5ms, render: 43ms)
 GET /inventory?locationId=c7cf8fcc-7870-4c91-a2ef-631e2d33f088 200 in 56ms (compile: 3ms, render: 53ms)
 GET /inventory?locationId=86ca3ee9-cb6a-4a6d-9e1b-a8ec45116d32 200 in 40ms (compile: 6ms, render: 35ms)
 GET /inventory 200 in 53ms (compile: 3ms, render: 51ms)
 GET /inventory/adjustment 200 in 897ms (compile: 189ms, render: 708ms)
 GET /inventory/adjustment 200 in 493ms (compile: 13ms, render: 480ms)
 GET /inventory/adjustment 200 in 385ms (compile: 14ms, render: 371ms)
 GET /inventory/adjustment 200 in 292ms (compile: 11ms, render: 281ms)
 GET /inventory/adjustment 200 in 182ms (compile: 9ms, render: 173ms)
 GET /inventory/adjustment 200 in 83ms (compile: 11ms, render: 72ms)
 GET /inventory 200 in 1380ms (compile: 302ms, render: 1078ms)
 GET /inventory 200 in 1002ms (compile: 327ms, render: 675ms)
 GET /inventory 200 in 650ms (compile: 31ms, render: 619ms)
 GET /inventory 200 in 691ms (compile: 33ms, render: 658ms)
 GET /inventory 200 in 627ms (compile: 48ms, render: 579ms)
 GET /inventory 200 in 582ms (compile: 32ms, render: 550ms)
 GET /inventory 200 in 482ms (compile: 5ms, render: 477ms)
 GET /inventory 200 in 373ms (compile: 5ms, render: 368ms)
 GET /inventory 200 in 276ms (compile: 19ms, render: 257ms)
 GET /inventory 200 in 188ms (compile: 4ms, render: 183ms)
 GET /inventory 200 in 164ms (compile: 23ms, render: 140ms)
 GET /inventory 200 in 100ms (compile: 8ms, render: 93ms)
✓ Compiled in 52ms
 GET /inventory/adjustment 200 in 207ms (compile: 8ms, render: 199ms)
 GET /inventory 200 in 523ms (compile: 185ms, render: 338ms)
 GET /inventory 200 in 100ms (compile: 10ms, render: 90ms)
✓ Compiled in 97ms
✓ Compiled in 107ms
 GET /inventory 200 in 494ms (compile: 20ms, render: 474ms)
 GET /inventory/transfer 200 in 476ms (compile: 344ms, render: 132ms)
 GET /inventory/adjustment 200 in 364ms (compile: 53ms, render: 311ms)
 GET /inventory/adjustment 200 in 28ms (compile: 3ms, render: 25ms)
 GET /inventory/adjustment 200 in 32ms (compile: 3ms, render: 29ms)
 GET /inventory/adjustment 200 in 25ms (compile: 3ms, render: 22ms)
 GET /inventory/transfer 200 in 23ms (compile: 2ms, render: 21ms)
 GET /inventory 200 in 62ms (compile: 4ms, render: 58ms)
 GET /inventory?locationId=dd7090ca-9850-4755-b9e0-408111930dee 200 in 42ms (compile: 3ms, render: 39ms)
 GET /inventory/adjustment 200 in 37ms (compile: 5ms, render: 32ms)
 GET /inventory/transfer 200 in 25ms (compile: 2ms, render: 23ms)
 GET /inventory/adjustment 200 in 23ms (compile: 2ms, render: 21ms)
✓ Compiled in 214ms
Only plain objects can be passed to Client Components from Server Components. Decimal objects are not supported.
  {id: ..., locationId: ..., productVariantId: ..., quantity: Decimal, minStockAlert: ..., updatedAt: ..., productVariant: ..., location: ...}
                                                              ^^^^^^^
Only plain objects can be passed to Client Components from Server Components. Decimal objects are not supported.
  {id: ..., productId: ..., name: ..., skuCode: ..., price: Decimal, buyPrice: ..., sellPrice: ..., primaryUnit: ..., salesUnit: ..., conversionFactor: ..., attributes: ..., createdAt: ..., updatedAt: ..., product: ...}
                                                            ^^^^^^^
Only plain objects can be passed to Client Components from Server Components. Decimal objects are not supported.
  {id: ..., productId: ..., name: ..., skuCode: ..., price: ..., buyPrice: ..., sellPrice: ..., primaryUnit: ..., salesUnit: ..., conversionFactor: Decimal, attributes: ..., createdAt: ..., updatedAt: ..., product: ...}
                                                                                                                                                    ^^^^^^^
Only plain objects can be passed to Client Components from Server Components. Decimal objects are not supported.
  {id: ..., locationId: ..., productVariantId: ..., quantity: Decimal, minStockAlert: ..., updatedAt: ..., productVariant: ..., location: ...}
                                                              ^^^^^^^
Only plain objects can be passed to Client Components from Server Components. Decimal objects are not supported.
  {id: ..., productId: ..., name: ..., skuCode: ..., price: Decimal, buyPrice: ..., sellPrice: ..., primaryUnit: ..., salesUnit: ..., conversionFactor: ..., attributes: ..., createdAt: ..., updatedAt: ..., product: ...}
                                                            ^^^^^^^
Only plain objects can be passed to Client Components from Server Components. Decimal objects are not supported.
  {id: ..., productId: ..., name: ..., skuCode: ..., price: ..., buyPrice: ..., sellPrice: ..., primaryUnit: ..., salesUnit: ..., conversionFactor: Decimal, attributes: ..., createdAt: ..., updatedAt: ..., product: ...}
                                                                                                                                                    ^^^^^^^
Only plain objects can be passed to Client Components from Server Components. Decimal objects are not supported.
  {id: ..., locationId: ..., productVariantId: ..., quantity: Decimal, minStockAlert: ..., updatedAt: ..., productVariant: ..., location: ...}
                                                              ^^^^^^^
Only plain objects can be passed to Client Components from Server Components. Decimal objects are not supported.
  {id: ..., productId: ..., name: ..., skuCode: ..., price: Decimal, buyPrice: ..., sellPrice: ..., primaryUnit: ..., salesUnit: ..., conversionFactor: ..., attributes: ..., createdAt: ..., updatedAt: ..., product: ...}
                                                            ^^^^^^^
Only plain objects can be passed to Client Components from Server Components. Decimal objects are not supported.
  {id: ..., productId: ..., name: ..., skuCode: ..., price: ..., buyPrice: ..., sellPrice: ..., primaryUnit: ..., salesUnit: ..., conversionFactor: Decimal, attributes: ..., createdAt: ..., updatedAt: ..., product: ...}
                                                                                                                                                    ^^^^^^^
Only plain objects can be passed to Client Components from Server Components. Decimal objects are not supported.
  {id: ..., locationId: ..., productVariantId: ..., quantity: Decimal, minStockAlert: ..., updatedAt: ..., productVariant: ..., location: ...}
                                                              ^^^^^^^
Only plain objects can be passed to Client Components from Server Components. Decimal objects are not supported.
  {id: ..., productId: ..., name: ..., skuCode: ..., price: Decimal, buyPrice: ..., sellPrice: ..., primaryUnit: ..., salesUnit: ..., conversionFactor: ..., attributes: ..., createdAt: ..., updatedAt: ..., product: ...}
                                                            ^^^^^^^
Only plain objects can be passed to Client Components from Server Components. Decimal objects are not supported.
  {id: ..., productId: ..., name: ..., skuCode: ..., price: ..., buyPrice: ..., sellPrice: ..., primaryUnit: ..., salesUnit: ..., conversionFactor: Decimal, attributes: ..., createdAt: ..., updatedAt: ..., product: ...}
                                                                                                                                                    ^^^^^^^
Only plain objects can be passed to Client Components from Server Components. Decimal objects are not supported.
  {id: ..., locationId: ..., productVariantId: ..., quantity: Decimal, minStockAlert: ..., updatedAt: ..., productVariant: ..., location: ...}
                                                              ^^^^^^^
Only plain objects can be passed to Client Components from Server Components. Decimal objects are not supported.
  {id: ..., productId: ..., name: ..., skuCode: ..., price: Decimal, buyPrice: ..., sellPrice: ..., primaryUnit: ..., salesUnit: ..., conversionFactor: ..., attributes: ..., createdAt: ..., updatedAt: ..., product: ...}
                                                            ^^^^^^^
Only plain objects can be passed to Client Components from Server Components. Decimal objects are not supported.
  {id: ..., productId: ..., name: ..., skuCode: ..., price: ..., buyPrice: ..., sellPrice: ..., primaryUnit: ..., salesUnit: ..., conversionFactor: Decimal, attributes: ..., createdAt: ..., updatedAt: ..., product: ...}
                                                                                                                                                    ^^^^^^^
Only plain objects can be passed to Client Components from Server Components. Decimal objects are not supported.
  {id: ..., locationId: ..., productVariantId: ..., quantity: Decimal, minStockAlert: ..., updatedAt: ..., productVariant: ..., location: ...}
                                                              ^^^^^^^
Only plain objects can be passed to Client Components from Server Components. Decimal objects are not supported.
  {id: ..., productId: ..., name: ..., skuCode: ..., price: Decimal, buyPrice: ..., sellPrice: ..., primaryUnit: ..., salesUnit: ..., conversionFactor: ..., attributes: ..., createdAt: ..., updatedAt: ..., product: ...}
                                                            ^^^^^^^
Only plain objects can be passed to Client Components from Server Components. Decimal objects are not supported.
  {id: ..., productId: ..., name: ..., skuCode: ..., price: ..., buyPrice: ..., sellPrice: Decimal, primaryUnit: ..., salesUnit: ..., conversionFactor: ..., attributes: ..., createdAt: ..., updatedAt: ..., product: ...}
                                                                                           ^^^^^^^
Only plain objects can be passed to Client Components from Server Components. Decimal objects are not supported.
  {id: ..., productId: ..., name: ..., skuCode: ..., price: ..., buyPrice: ..., sellPrice: ..., primaryUnit: ..., salesUnit: ..., conversionFactor: Decimal, attributes: ..., createdAt: ..., updatedAt: ..., product: ...}
                                                                                                                                                    ^^^^^^^
Only plain objects can be passed to Client Components from Server Components. Decimal objects are not supported.
  {id: ..., locationId: ..., productVariantId: ..., quantity: Decimal, minStockAlert: ..., updatedAt: ..., productVariant: ..., location: ...}
                                                              ^^^^^^^
Only plain objects can be passed to Client Components from Server Components. Decimal objects are not supported.
  {id: ..., productId: ..., name: ..., skuCode: ..., price: Decimal, buyPrice: ..., sellPrice: ..., primaryUnit: ..., salesUnit: ..., conversionFactor: ..., attributes: ..., createdAt: ..., updatedAt: ..., product: ...}
                                                            ^^^^^^^
Only plain objects can be passed to Client Components from Server Components. Decimal objects are not supported.
  {id: ..., productId: ..., name: ..., skuCode: ..., price: ..., buyPrice: ..., sellPrice: ..., primaryUnit: ..., salesUnit: ..., conversionFactor: Decimal, attributes: ..., createdAt: ..., updatedAt: ..., product: ...}
                                                                                                                                                    ^^^^^^^
Only plain objects can be passed to Client Components from Server Components. Decimal objects are not supported.
  {id: ..., locationId: ..., productVariantId: ..., quantity: Decimal, minStockAlert: ..., updatedAt: ..., productVariant: ..., location: ...}
                                                              ^^^^^^^
Only plain objects can be passed to Client Components from Server Components. Decimal objects are not supported.
  {id: ..., productId: ..., name: ..., skuCode: ..., price: Decimal, buyPrice: ..., sellPrice: ..., primaryUnit: ..., salesUnit: ..., conversionFactor: ..., attributes: ..., createdAt: ..., updatedAt: ..., product: ...}
                                                            ^^^^^^^
Only plain objects can be passed to Client Components from Server Components. Decimal objects are not supported.
  {id: ..., productId: ..., name: ..., skuCode: ..., price: ..., buyPrice: ..., sellPrice: Decimal, primaryUnit: ..., salesUnit: ..., conversionFactor: ..., attributes: ..., createdAt: ..., updatedAt: ..., product: ...}
                                                                                           ^^^^^^^
Only plain objects can be passed to Client Components from Server Components. Decimal objects are not supported.
  {id: ..., productId: ..., name: ..., skuCode: ..., price: ..., buyPrice: ..., sellPrice: ..., primaryUnit: ..., salesUnit: ..., conversionFactor: Decimal, attributes: ..., createdAt: ..., updatedAt: ..., product: ...}
                                                                                                                                                    ^^^^^^^
 GET /inventory/adjustment 200 in 633ms (compile: 427ms, render: 206ms)
✓ Compiled in 99ms
✓ Compiled in 63ms
✓ Compiled in 42ms
Only plain objects can be passed to Client Components from Server Components. Decimal objects are not supported.
  {id: ..., locationId: ..., productVariantId: ..., quantity: Decimal, minStockAlert: ..., updatedAt: ..., productVariant: ..., location: ...}
                                                              ^^^^^^^
Only plain objects can be passed to Client Components from Server Components. Decimal objects are not supported.
  {id: ..., productId: ..., name: ..., skuCode: ..., price: Decimal, buyPrice: ..., sellPrice: ..., primaryUnit: ..., salesUnit: ..., conversionFactor: ..., attributes: ..., createdAt: ..., updatedAt: ..., product: ...}
                                                            ^^^^^^^
Only plain objects can be passed to Client Components from Server Components. Decimal objects are not supported.
  {id: ..., productId: ..., name: ..., skuCode: ..., price: ..., buyPrice: ..., sellPrice: ..., primaryUnit: ..., salesUnit: ..., conversionFactor: Decimal, attributes: ..., createdAt: ..., updatedAt: ..., product: ...}
                                                                                                                                                    ^^^^^^^
Only plain objects can be passed to Client Components from Server Components. Decimal objects are not supported.
  {id: ..., locationId: ..., productVariantId: ..., quantity: Decimal, minStockAlert: ..., updatedAt: ..., productVariant: ..., location: ...}
                                                              ^^^^^^^
Only plain objects can be passed to Client Components from Server Components. Decimal objects are not supported.
  {id: ..., productId: ..., name: ..., skuCode: ..., price: Decimal, buyPrice: ..., sellPrice: ..., primaryUnit: ..., salesUnit: ..., conversionFactor: ..., attributes: ..., createdAt: ..., updatedAt: ..., product: ...}
                                                            ^^^^^^^
Only plain objects can be passed to Client Components from Server Components. Decimal objects are not supported.
  {id: ..., productId: ..., name: ..., skuCode: ..., price: ..., buyPrice: ..., sellPrice: ..., primaryUnit: ..., salesUnit: ..., conversionFactor: Decimal, attributes: ..., createdAt: ..., updatedAt: ..., product: ...}
                                                                                                                                                    ^^^^^^^
Only plain objects can be passed to Client Components from Server Components. Decimal objects are not supported.
  {id: ..., locationId: ..., productVariantId: ..., quantity: Decimal, minStockAlert: ..., updatedAt: ..., productVariant: ..., location: ...}
                                                              ^^^^^^^
Only plain objects can be passed to Client Components from Server Components. Decimal objects are not supported.
  {id: ..., productId: ..., name: ..., skuCode: ..., price: Decimal, buyPrice: ..., sellPrice: ..., primaryUnit: ..., salesUnit: ..., conversionFactor: ..., attributes: ..., createdAt: ..., updatedAt: ..., product: ...}
                                                            ^^^^^^^
Only plain objects can be passed to Client Components from Server Components. Decimal objects are not supported.
  {id: ..., productId: ..., name: ..., skuCode: ..., price: ..., buyPrice: ..., sellPrice: ..., primaryUnit: ..., salesUnit: ..., conversionFactor: Decimal, attributes: ..., createdAt: ..., updatedAt: ..., product: ...}
                                                                                                                                                    ^^^^^^^
Only plain objects can be passed to Client Components from Server Components. Decimal objects are not supported.
  {id: ..., locationId: ..., productVariantId: ..., quantity: Decimal, minStockAlert: ..., updatedAt: ..., productVariant: ..., location: ...}
                                                              ^^^^^^^
Only plain objects can be passed to Client Components from Server Components. Decimal objects are not supported.
  {id: ..., productId: ..., name: ..., skuCode: ..., price: Decimal, buyPrice: ..., sellPrice: ..., primaryUnit: ..., salesUnit: ..., conversionFactor: ..., attributes: ..., createdAt: ..., updatedAt: ..., product: ...}
                                                            ^^^^^^^
Only plain objects can be passed to Client Components from Server Components. Decimal objects are not supported.
  {id: ..., productId: ..., name: ..., skuCode: ..., price: ..., buyPrice: ..., sellPrice: ..., primaryUnit: ..., salesUnit: ..., conversionFactor: Decimal, attributes: ..., createdAt: ..., updatedAt: ..., product: ...}
                                                                                                                                                    ^^^^^^^
Only plain objects can be passed to Client Components from Server Components. Decimal objects are not supported.
  {id: ..., locationId: ..., productVariantId: ..., quantity: Decimal, minStockAlert: ..., updatedAt: ..., productVariant: ..., location: ...}
                                                              ^^^^^^^
Only plain objects can be passed to Client Components from Server Components. Decimal objects are not supported.
  {id: ..., productId: ..., name: ..., skuCode: ..., price: Decimal, buyPrice: ..., sellPrice: ..., primaryUnit: ..., salesUnit: ..., conversionFactor: ..., attributes: ..., createdAt: ..., updatedAt: ..., product: ...}
                                                            ^^^^^^^
Only plain objects can be passed to Client Components from Server Components. Decimal objects are not supported.
  {id: ..., productId: ..., name: ..., skuCode: ..., price: ..., buyPrice: ..., sellPrice: ..., primaryUnit: ..., salesUnit: ..., conversionFactor: Decimal, attributes: ..., createdAt: ..., updatedAt: ..., product: ...}
                                                                                                                                                    ^^^^^^^
Only plain objects can be passed to Client Components from Server Components. Decimal objects are not supported.
  {id: ..., locationId: ..., productVariantId: ..., quantity: Decimal, minStockAlert: ..., updatedAt: ..., productVariant: ..., location: ...}
                                                              ^^^^^^^
Only plain objects can be passed to Client Components from Server Components. Decimal objects are not supported.
  {id: ..., productId: ..., name: ..., skuCode: ..., price: Decimal, buyPrice: ..., sellPrice: ..., primaryUnit: ..., salesUnit: ..., conversionFactor: ..., attributes: ..., createdAt: ..., updatedAt: ..., product: ...}
                                                            ^^^^^^^
Only plain objects can be passed to Client Components from Server Components. Decimal objects are not supported.
  {id: ..., productId: ..., name: ..., skuCode: ..., price: ..., buyPrice: ..., sellPrice: Decimal, primaryUnit: ..., salesUnit: ..., conversionFactor: ..., attributes: ..., createdAt: ..., updatedAt: ..., product: ...}
                                                                                           ^^^^^^^
Only plain objects can be passed to Client Components from Server Components. Decimal objects are not supported.
  {id: ..., productId: ..., name: ..., skuCode: ..., price: ..., buyPrice: ..., sellPrice: ..., primaryUnit: ..., salesUnit: ..., conversionFactor: Decimal, attributes: ..., createdAt: ..., updatedAt: ..., product: ...}
                                                                                                                                                    ^^^^^^^
Only plain objects can be passed to Client Components from Server Components. Decimal objects are not supported.
  {id: ..., locationId: ..., productVariantId: ..., quantity: Decimal, minStockAlert: ..., updatedAt: ..., productVariant: ..., location: ...}
                                                              ^^^^^^^
Only plain objects can be passed to Client Components from Server Components. Decimal objects are not supported.
  {id: ..., productId: ..., name: ..., skuCode: ..., price: Decimal, buyPrice: ..., sellPrice: ..., primaryUnit: ..., salesUnit: ..., conversionFactor: ..., attributes: ..., createdAt: ..., updatedAt: ..., product: ...}
                                                            ^^^^^^^
Only plain objects can be passed to Client Components from Server Components. Decimal objects are not supported.
  {id: ..., productId: ..., name: ..., skuCode: ..., price: ..., buyPrice: ..., sellPrice: ..., primaryUnit: ..., salesUnit: ..., conversionFactor: Decimal, attributes: ..., createdAt: ..., updatedAt: ..., product: ...}
                                                                                                                                                    ^^^^^^^
Only plain objects can be passed to Client Components from Server Components. Decimal objects are not supported.
  {id: ..., locationId: ..., productVariantId: ..., quantity: Decimal, minStockAlert: ..., updatedAt: ..., productVariant: ..., location: ...}
                                                              ^^^^^^^
Only plain objects can be passed to Client Components from Server Components. Decimal objects are not supported.
  {id: ..., productId: ..., name: ..., skuCode: ..., price: Decimal, buyPrice: ..., sellPrice: ..., primaryUnit: ..., salesUnit: ..., conversionFactor: ..., attributes: ..., createdAt: ..., updatedAt: ..., product: ...}
                                                            ^^^^^^^
Only plain objects can be passed to Client Components from Server Components. Decimal objects are not supported.
  {id: ..., productId: ..., name: ..., skuCode: ..., price: ..., buyPrice: ..., sellPrice: Decimal, primaryUnit: ..., salesUnit: ..., conversionFactor: ..., attributes: ..., createdAt: ..., updatedAt: ..., product: ...}
                                                                                           ^^^^^^^
Only plain objects can be passed to Client Components from Server Components. Decimal objects are not supported.
  {id: ..., productId: ..., name: ..., skuCode: ..., price: ..., buyPrice: ..., sellPrice: ..., primaryUnit: ..., salesUnit: ..., conversionFactor: Decimal, attributes: ..., createdAt: ..., updatedAt: ..., product: ...}
                                                                                                                                                    ^^^^^^^
 GET /inventory/adjustment 200 in 1124ms (compile: 424ms, render: 701ms)
 GET /inventory/transfer 200 in 110ms (compile: 43ms, render: 68ms)
Only plain objects can be passed to Client Components from Server Components. Decimal objects are not supported.
  {id: ..., locationId: ..., productVariantId: ..., quantity: Decimal, minStockAlert: ..., updatedAt: ..., productVariant: ..., location: ...}
                                                              ^^^^^^^
Only plain objects can be passed to Client Components from Server Components. Decimal objects are not supported.
  {id: ..., productId: ..., name: ..., skuCode: ..., price: Decimal, buyPrice: ..., sellPrice: ..., primaryUnit: ..., salesUnit: ..., conversionFactor: ..., attributes: ..., createdAt: ..., updatedAt: ..., product: ...}
                                                            ^^^^^^^
Only plain objects can be passed to Client Components from Server Components. Decimal objects are not supported.
  {id: ..., productId: ..., name: ..., skuCode: ..., price: ..., buyPrice: ..., sellPrice: ..., primaryUnit: ..., salesUnit: ..., conversionFactor: Decimal, attributes: ..., createdAt: ..., updatedAt: ..., product: ...}
                                                                                                                                                    ^^^^^^^
Only plain objects can be passed to Client Components from Server Components. Decimal objects are not supported.
  {id: ..., locationId: ..., productVariantId: ..., quantity: Decimal, minStockAlert: ..., updatedAt: ..., productVariant: ..., location: ...}
                                                              ^^^^^^^
Only plain objects can be passed to Client Components from Server Components. Decimal objects are not supported.
  {id: ..., productId: ..., name: ..., skuCode: ..., price: Decimal, buyPrice: ..., sellPrice: ..., primaryUnit: ..., salesUnit: ..., conversionFactor: ..., attributes: ..., createdAt: ..., updatedAt: ..., product: ...}
                                                            ^^^^^^^
Only plain objects can be passed to Client Components from Server Components. Decimal objects are not supported.
  {id: ..., productId: ..., name: ..., skuCode: ..., price: ..., buyPrice: ..., sellPrice: ..., primaryUnit: ..., salesUnit: ..., conversionFactor: Decimal, attributes: ..., createdAt: ..., updatedAt: ..., product: ...}
                                                                                                                                                    ^^^^^^^
Only plain objects can be passed to Client Components from Server Components. Decimal objects are not supported.
  {id: ..., locationId: ..., productVariantId: ..., quantity: Decimal, minStockAlert: ..., updatedAt: ..., productVariant: ..., location: ...}
                                                              ^^^^^^^
Only plain objects can be passed to Client Components from Server Components. Decimal objects are not supported.
  {id: ..., productId: ..., name: ..., skuCode: ..., price: Decimal, buyPrice: ..., sellPrice: ..., primaryUnit: ..., salesUnit: ..., conversionFactor: ..., attributes: ..., createdAt: ..., updatedAt: ..., product: ...}
                                                            ^^^^^^^
Only plain objects can be passed to Client Components from Server Components. Decimal objects are not supported.
  {id: ..., productId: ..., name: ..., skuCode: ..., price: ..., buyPrice: ..., sellPrice: ..., primaryUnit: ..., salesUnit: ..., conversionFactor: Decimal, attributes: ..., createdAt: ..., updatedAt: ..., product: ...}
                                                                                                                                                    ^^^^^^^
Only plain objects can be passed to Client Components from Server Components. Decimal objects are not supported.
  {id: ..., locationId: ..., productVariantId: ..., quantity: Decimal, minStockAlert: ..., updatedAt: ..., productVariant: ..., location: ...}
                                                              ^^^^^^^
Only plain objects can be passed to Client Components from Server Components. Decimal objects are not supported.
  {id: ..., productId: ..., name: ..., skuCode: ..., price: Decimal, buyPrice: ..., sellPrice: ..., primaryUnit: ..., salesUnit: ..., conversionFactor: ..., attributes: ..., createdAt: ..., updatedAt: ..., product: ...}
                                                            ^^^^^^^
Only plain objects can be passed to Client Components from Server Components. Decimal objects are not supported.
  {id: ..., productId: ..., name: ..., skuCode: ..., price: ..., buyPrice: ..., sellPrice: ..., primaryUnit: ..., salesUnit: ..., conversionFactor: Decimal, attributes: ..., createdAt: ..., updatedAt: ..., product: ...}
                                                                                                                                                    ^^^^^^^
Only plain objects can be passed to Client Components from Server Components. Decimal objects are not supported.
  {id: ..., locationId: ..., productVariantId: ..., quantity: Decimal, minStockAlert: ..., updatedAt: ..., productVariant: ..., location: ...}
                                                              ^^^^^^^
Only plain objects can be passed to Client Components from Server Components. Decimal objects are not supported.
  {id: ..., productId: ..., name: ..., skuCode: ..., price: Decimal, buyPrice: ..., sellPrice: ..., primaryUnit: ..., salesUnit: ..., conversionFactor: ..., attributes: ..., createdAt: ..., updatedAt: ..., product: ...}
                                                            ^^^^^^^
Only plain objects can be passed to Client Components from Server Components. Decimal objects are not supported.
  {id: ..., productId: ..., name: ..., skuCode: ..., price: ..., buyPrice: ..., sellPrice: ..., primaryUnit: ..., salesUnit: ..., conversionFactor: Decimal, attributes: ..., createdAt: ..., updatedAt: ..., product: ...}
                                                                                                                                                    ^^^^^^^
Only plain objects can be passed to Client Components from Server Components. Decimal objects are not supported.
  {id: ..., locationId: ..., productVariantId: ..., quantity: Decimal, minStockAlert: ..., updatedAt: ..., productVariant: ..., location: ...}
                                                              ^^^^^^^
Only plain objects can be passed to Client Components from Server Components. Decimal objects are not supported.
  {id: ..., productId: ..., name: ..., skuCode: ..., price: Decimal, buyPrice: ..., sellPrice: ..., primaryUnit: ..., salesUnit: ..., conversionFactor: ..., attributes: ..., createdAt: ..., updatedAt: ..., product: ...}
                                                            ^^^^^^^
Only plain objects can be passed to Client Components from Server Components. Decimal objects are not supported.
  {id: ..., productId: ..., name: ..., skuCode: ..., price: ..., buyPrice: ..., sellPrice: Decimal, primaryUnit: ..., salesUnit: ..., conversionFactor: ..., attributes: ..., createdAt: ..., updatedAt: ..., product: ...}
                                                                                           ^^^^^^^
Only plain objects can be passed to Client Components from Server Components. Decimal objects are not supported.
  {id: ..., productId: ..., name: ..., skuCode: ..., price: ..., buyPrice: ..., sellPrice: ..., primaryUnit: ..., salesUnit: ..., conversionFactor: Decimal, attributes: ..., createdAt: ..., updatedAt: ..., product: ...}
                                                                                                                                                    ^^^^^^^
Only plain objects can be passed to Client Components from Server Components. Decimal objects are not supported.
  {id: ..., locationId: ..., productVariantId: ..., quantity: Decimal, minStockAlert: ..., updatedAt: ..., productVariant: ..., location: ...}
                                                              ^^^^^^^
Only plain objects can be passed to Client Components from Server Components. Decimal objects are not supported.
  {id: ..., productId: ..., name: ..., skuCode: ..., price: Decimal, buyPrice: ..., sellPrice: ..., primaryUnit: ..., salesUnit: ..., conversionFactor: ..., attributes: ..., createdAt: ..., updatedAt: ..., product: ...}
                                                            ^^^^^^^
Only plain objects can be passed to Client Components from Server Components. Decimal objects are not supported.
  {id: ..., productId: ..., name: ..., skuCode: ..., price: ..., buyPrice: ..., sellPrice: ..., primaryUnit: ..., salesUnit: ..., conversionFactor: Decimal, attributes: ..., createdAt: ..., updatedAt: ..., product: ...}
                                                                                                                                                    ^^^^^^^
Only plain objects can be passed to Client Components from Server Components. Decimal objects are not supported.
  {id: ..., locationId: ..., productVariantId: ..., quantity: Decimal, minStockAlert: ..., updatedAt: ..., productVariant: ..., location: ...}
                                                              ^^^^^^^
Only plain objects can be passed to Client Components from Server Components. Decimal objects are not supported.
  {id: ..., productId: ..., name: ..., skuCode: ..., price: Decimal, buyPrice: ..., sellPrice: ..., primaryUnit: ..., salesUnit: ..., conversionFactor: ..., attributes: ..., createdAt: ..., updatedAt: ..., product: ...}
                                                            ^^^^^^^
Only plain objects can be passed to Client Components from Server Components. Decimal objects are not supported.
  {id: ..., productId: ..., name: ..., skuCode: ..., price: ..., buyPrice: ..., sellPrice: Decimal, primaryUnit: ..., salesUnit: ..., conversionFactor: ..., attributes: ..., createdAt: ..., updatedAt: ..., product: ...}
                                                                                           ^^^^^^^
Only plain objects can be passed to Client Components from Server Components. Decimal objects are not supported.
  {id: ..., productId: ..., name: ..., skuCode: ..., price: ..., buyPrice: ..., sellPrice: ..., primaryUnit: ..., salesUnit: ..., conversionFactor: Decimal, attributes: ..., createdAt: ..., updatedAt: ..., product: ...}
                                                                                                                                                    ^^^^^^^
 GET /inventory/adjustment 200 in 72ms (compile: 6ms, render: 66ms)
 GET /inventory/transfer 200 in 31ms (compile: 2ms, render: 29ms)
✓ Compiled in 145ms
 GET /inventory/transfer 200 in 237ms (compile: 11ms, render: 226ms)
✓ Compiled in 62ms
 GET /inventory/transfer 200 in 167ms (compile: 6ms, render: 162ms)
Only plain objects can be passed to Client Components from Server Components. Decimal objects are not supported.
  {id: ..., productId: ..., name: ..., skuCode: ..., price: Decimal, buyPrice: ..., sellPrice: ..., primaryUnit: ..., salesUnit: ..., conversionFactor: ..., attributes: ..., createdAt: ..., updatedAt: ..., product: ...}
                                                            ^^^^^^^
Only plain objects can be passed to Client Components from Server Components. Decimal objects are not supported.
  {id: ..., productId: ..., name: ..., skuCode: ..., price: ..., buyPrice: ..., sellPrice: ..., primaryUnit: ..., salesUnit: ..., conversionFactor: Decimal, attributes: ..., createdAt: ..., updatedAt: ..., product: ...}
                                                                                                                                                    ^^^^^^^
Only plain objects can be passed to Client Components from Server Components. Decimal objects are not supported.
  {id: ..., productId: ..., name: ..., skuCode: ..., price: Decimal, buyPrice: ..., sellPrice: ..., primaryUnit: ..., salesUnit: ..., conversionFactor: ..., attributes: ..., createdAt: ..., updatedAt: ..., product: ...}
                                                            ^^^^^^^
Only plain objects can be passed to Client Components from Server Components. Decimal objects are not supported.
  {id: ..., productId: ..., name: ..., skuCode: ..., price: ..., buyPrice: ..., sellPrice: ..., primaryUnit: ..., salesUnit: ..., conversionFactor: Decimal, attributes: ..., createdAt: ..., updatedAt: ..., product: ...}
                                                                                                                                                    ^^^^^^^
Only plain objects can be passed to Client Components from Server Components. Decimal objects are not supported.
  {id: ..., productId: ..., name: ..., skuCode: ..., price: Decimal, buyPrice: ..., sellPrice: ..., primaryUnit: ..., salesUnit: ..., conversionFactor: ..., attributes: ..., createdAt: ..., updatedAt: ..., product: ...}
                                                            ^^^^^^^
Only plain objects can be passed to Client Components from Server Components. Decimal objects are not supported.
  {id: ..., productId: ..., name: ..., skuCode: ..., price: ..., buyPrice: ..., sellPrice: ..., primaryUnit: ..., salesUnit: ..., conversionFactor: Decimal, attributes: ..., createdAt: ..., updatedAt: ..., product: ...}
                                                                                                                                                    ^^^^^^^
Only plain objects can be passed to Client Components from Server Components. Decimal objects are not supported.
  {id: ..., productId: ..., name: ..., skuCode: ..., price: Decimal, buyPrice: ..., sellPrice: ..., primaryUnit: ..., salesUnit: ..., conversionFactor: ..., attributes: ..., createdAt: ..., updatedAt: ..., product: ...}
                                                            ^^^^^^^
Only plain objects can be passed to Client Components from Server Components. Decimal objects are not supported.
  {id: ..., productId: ..., name: ..., skuCode: ..., price: ..., buyPrice: ..., sellPrice: ..., primaryUnit: ..., salesUnit: ..., conversionFactor: Decimal, attributes: ..., createdAt: ..., updatedAt: ..., product: ...}
                                                                                                                                                    ^^^^^^^
Only plain objects can be passed to Client Components from Server Components. Decimal objects are not supported.
  {id: ..., productId: ..., name: ..., skuCode: ..., price: Decimal, buyPrice: ..., sellPrice: ..., primaryUnit: ..., salesUnit: ..., conversionFactor: ..., attributes: ..., createdAt: ..., updatedAt: ..., product: ...}
                                                            ^^^^^^^
Only plain objects can be passed to Client Components from Server Components. Decimal objects are not supported.
  {id: ..., productId: ..., name: ..., skuCode: ..., price: ..., buyPrice: ..., sellPrice: ..., primaryUnit: ..., salesUnit: ..., conversionFactor: Decimal, attributes: ..., createdAt: ..., updatedAt: ..., product: ...}
                                                                                                                                                    ^^^^^^^
Only plain objects can be passed to Client Components from Server Components. Decimal objects are not supported.
  {id: ..., productId: ..., name: ..., skuCode: ..., price: Decimal, buyPrice: ..., sellPrice: ..., primaryUnit: ..., salesUnit: ..., conversionFactor: ..., attributes: ..., createdAt: ..., updatedAt: ..., product: ...}
                                                            ^^^^^^^
Only plain objects can be passed to Client Components from Server Components. Decimal objects are not supported.
  {id: ..., productId: ..., name: ..., skuCode: ..., price: ..., buyPrice: ..., sellPrice: Decimal, primaryUnit: ..., salesUnit: ..., conversionFactor: ..., attributes: ..., createdAt: ..., updatedAt: ..., product: ...}
                                                                                           ^^^^^^^
Only plain objects can be passed to Client Components from Server Components. Decimal objects are not supported.
  {id: ..., productId: ..., name: ..., skuCode: ..., price: ..., buyPrice: ..., sellPrice: ..., primaryUnit: ..., salesUnit: ..., conversionFactor: Decimal, attributes: ..., createdAt: ..., updatedAt: ..., product: ...}
                                                                                                                                                    ^^^^^^^
Only plain objects can be passed to Client Components from Server Components. Decimal objects are not supported.
  {id: ..., productId: ..., name: ..., skuCode: ..., price: Decimal, buyPrice: ..., sellPrice: ..., primaryUnit: ..., salesUnit: ..., conversionFactor: ..., attributes: ..., createdAt: ..., updatedAt: ..., product: ...}
                                                            ^^^^^^^
Only plain objects can be passed to Client Components from Server Components. Decimal objects are not supported.
  {id: ..., productId: ..., name: ..., skuCode: ..., price: ..., buyPrice: ..., sellPrice: ..., primaryUnit: ..., salesUnit: ..., conversionFactor: Decimal, attributes: ..., createdAt: ..., updatedAt: ..., product: ...}
                                                                                                                                                    ^^^^^^^
Only plain objects can be passed to Client Components from Server Components. Decimal objects are not supported.
  {id: ..., productId: ..., name: ..., skuCode: ..., price: Decimal, buyPrice: ..., sellPrice: ..., primaryUnit: ..., salesUnit: ..., conversionFactor: ..., attributes: ..., createdAt: ..., updatedAt: ..., product: ...}
                                                            ^^^^^^^
Only plain objects can be passed to Client Components from Server Components. Decimal objects are not supported.
  {id: ..., productId: ..., name: ..., skuCode: ..., price: ..., buyPrice: ..., sellPrice: Decimal, primaryUnit: ..., salesUnit: ..., conversionFactor: ..., attributes: ..., createdAt: ..., updatedAt: ..., product: ...}
                                                                                           ^^^^^^^
Only plain objects can be passed to Client Components from Server Components. Decimal objects are not supported.
  {id: ..., productId: ..., name: ..., skuCode: ..., price: ..., buyPrice: ..., sellPrice: ..., primaryUnit: ..., salesUnit: ..., conversionFactor: Decimal, attributes: ..., createdAt: ..., updatedAt: ..., product: ...}
                                                                                                                                                    ^^^^^^^
 GET /inventory/adjustment 200 in 338ms (compile: 235ms, render: 103ms)
 GET /inventory/adjustment 200 in 324ms (compile: 170ms, render: 153ms)
✓ Compiled in 41ms
 GET /inventory/adjustment 200 in 403ms (compile: 252ms, render: 151ms)
 GET /inventory/transfer 200 in 73ms (compile: 17ms, render: 56ms)
 GET /inventory/adjustment 200 in 36ms (compile: 2ms, render: 34ms)
 GET /inventory/adjustment 200 in 37ms (compile: 6ms, render: 31ms)
 GET /inventory/history 200 in 261ms (compile: 151ms, render: 110ms)
 GET /inventory/adjustment 200 in 23ms (compile: 2ms, render: 20ms)
 GET /inventory 200 in 70ms (compile: 5ms, render: 65ms)
 GET /inventory?locationId=dd7090ca-9850-4755-b9e0-408111930dee 200 in 42ms (compile: 1822µs, render: 40ms)
 GET /inventory/adjustment 200 in 28ms (compile: 1882µs, render: 26ms)
 POST /inventory/adjustment 200 in 81ms (compile: 3ms, render: 78ms)
 GET /inventory/adjustment 200 in 110ms (compile: 28ms, render: 82ms)
 GET /inventory 200 in 199ms (compile: 3ms, render: 196ms)
 GET /inventory 200 in 92ms (compile: 5ms, render: 87ms)
 GET /inventory?locationId=dd7090ca-9850-4755-b9e0-408111930dee 200 in 47ms (compile: 3ms, render: 45ms)
 GET /inventory/adjustment 200 in 39ms (compile: 2ms, render: 37ms)
 GET /inventory/transfer 200 in 45ms (compile: 6ms, render: 39ms)
 GET /inventory/transfer 200 in 28ms (compile: 3ms, render: 25ms)
 GET /inventory/history 200 in 48ms (compile: 4ms, render: 43ms)
 GET /inventory 200 in 68ms (compile: 2ms, render: 66ms)
 GET /inventory?locationId=5f5d4990-8171-436f-8219-a52a73c51b5e 200 in 166ms (compile: 9ms, render: 157ms)
 GET /inventory?locationId=d24c7b5c-d5df-4d2b-adb3-e605660c44a9 200 in 59ms (compile: 2ms, render: 57ms)
 GET /inventory 200 in 58ms (compile: 3ms, render: 55ms)
 GET /inventory/transfer 200 in 34ms (compile: 7ms, render: 27ms)
 GET /inventory/adjustment 200 in 36ms (compile: 3ms, render: 33ms)
 GET /inventory 200 in 48ms (compile: 1913µs, render: 46ms)
 GET /inventory/adjustment 200 in 26ms (compile: 1901µs, render: 24ms)
 GET /inventory/history 200 in 53ms (compile: 3ms, render: 51ms)
 GET /inventory/adjustment 200 in 29ms (compile: 4ms, render: 25ms)
 GET /inventory/transfer 200 in 30ms (compile: 2ms, render: 28ms)
 GET /inventory 200 in 65ms (compile: 4ms, render: 60ms)
 GET /inventory 200 in 248ms (compile: 28ms, render: 221ms)
 GET /inventory 200 in 78ms (compile: 25ms, render: 53ms)
 GET /inventory/adjustment 200 in 35ms (compile: 5ms, render: 29ms)
 GET /inventory/history 200 in 37ms (compile: 5ms, render: 32ms)
 GET /inventory/transfer 200 in 25ms (compile: 3ms, render: 22ms)
 GET /inventory/transfer 200 in 488ms (compile: 327ms, render: 161ms)
✓ Compiled in 450ms
✓ Compiled in 46ms
 GET /inventory/transfer 200 in 509ms (compile: 213ms, render: 297ms)
 GET /inventory/transfer 200 in 179ms (compile: 13ms, render: 165ms)
 GET /inventory/transfer 200 in 121ms (compile: 7ms, render: 115ms)
 GET /inventory/transfer 200 in 70ms (compile: 5ms, render: 66ms)
 GET /inventory/transfer 200 in 731ms (compile: 286ms, render: 445ms)
 GET /inventory/transfer 200 in 307ms (compile: 6ms, render: 301ms)
 GET /inventory/transfer 200 in 208ms (compile: 14ms, render: 195ms)
 GET /inventory/transfer 200 in 137ms (compile: 17ms, render: 121ms)
✓ Compiled in 105ms
 GET /inventory/transfer 200 in 737ms (compile: 342ms, render: 395ms)
 GET /inventory/transfer 200 in 249ms (compile: 4ms, render: 245ms)
 GET /inventory/transfer 200 in 195ms (compile: 9ms, render: 186ms)
 GET /inventory/transfer 200 in 129ms (compile: 8ms, render: 121ms)
 GET /inventory/transfer 200 in 356ms (compile: 18ms, render: 338ms)
 GET /inventory/transfer 200 in 46ms (compile: 1945µs, render: 44ms)
 GET /inventory/adjustment 200 in 228ms (compile: 152ms, render: 76ms)
 GET /inventory 200 in 225ms (compile: 111ms, render: 114ms)
 GET /inventory/transfer 200 in 29ms (compile: 2ms, render: 27ms)
 GET /inventory/adjustment 200 in 21ms (compile: 1950µs, render: 19ms)
✓ Compiled in 65ms
 GET /inventory/adjustment 200 in 480ms (compile: 302ms, render: 178ms)
✓ Compiled in 40ms
⚠ Fast Refresh had to perform a full reload due to a runtime error.
✓ Compiled in 45ms
⨯ ReferenceError: useMemo is not defined
    at AdjustmentForm (src/components/inventory/AdjustmentForm.tsx:51:26)
  49 |     }).filter((p): p is (typeof products[0] & { quantity: number }) => p !== null);
  50 |
> 51 |     const currentStock = useMemo(() => {
     |                          ^
  52 |         if (!selectedLocationId || !selectedProductId) return null;
  53 |         return inventory.find(
  54 |             (item) => item.locationId === selectedLocationId && item.productVariantId === selectedProductId {
  digest: '2020901247'
}
 GET /inventory/adjustment 500 in 659ms (compile: 141ms, render: 518ms)
⚠ Fast Refresh had to perform a full reload due to a runtime error.
✓ Compiled in 249ms
 GET /inventory/adjustment 200 in 582ms (compile: 215ms, render: 367ms)
 GET /inventory/adjustment 200 in 80ms (compile: 4ms, render: 76ms)
 POST /inventory/adjustment 200 in 64ms (compile: 2ms, render: 62ms)
 GET /inventory/adjustment 200 in 68ms (compile: 34ms, render: 34ms)
 GET /inventory 200 in 143ms (compile: 2ms, render: 141ms)
 GET /inventory 200 in 60ms (compile: 3ms, render: 57ms)
 GET /inventory/history 200 in 249ms (compile: 157ms, render: 92ms)
 GET /inventory 200 in 50ms (compile: 1780µs, render: 48ms)
 GET /inventory 200 in 589ms (compile: 205ms, render: 384ms)
 GET /inventory 200 in 199ms (compile: 8ms, render: 191ms)
 GET /inventory 200 in 166ms (compile: 27ms, render: 139ms)
 GET /inventory 200 in 108ms (compile: 26ms, render: 82ms)
✓ Compiled in 227ms
✓ Compiled in 0ms
 GET /inventory 200 in 582ms (compile: 206ms, render: 376ms)
 GET /inventory 200 in 234ms (compile: 26ms, render: 208ms)
 GET /inventory 200 in 174ms (compile: 22ms, render: 153ms)
 GET /inventory 200 in 109ms (compile: 22ms, render: 88ms)
 GET /inventory 200 in 432ms (compile: 113ms, render: 319ms)
 GET /inventory 200 in 233ms (compile: 4ms, render: 229ms)
 GET /inventory 200 in 152ms (compile: 1931µs, render: 150ms)
 GET /inventory 200 in 128ms (compile: 22ms, render: 106ms)
✓ Compiled in 0ms
 GET /inventory 200 in 451ms (compile: 137ms, render: 314ms)
 GET /inventory 200 in 243ms (compile: 23ms, render: 220ms)
 GET /inventory 200 in 166ms (compile: 9ms, render: 157ms)
 GET /inventory 200 in 101ms (compile: 14ms, render: 86ms)
✓ Compiled in 28ms
 GET /inventory 200 in 64ms (compile: 2ms, render: 62ms)
✓ Compiled in 34ms
✓ Compiled in 54ms
 GET /inventory 200 in 365ms (compile: 181ms, render: 184ms)
 GET /inventory 200 in 584ms (compile: 333ms, render: 251ms)
 GET /inventory 200 in 362ms (compile: 7ms, render: 355ms)
 GET /inventory?lowStock=true 200 in 48ms (compile: 2ms, render: 45ms)
 GET /inventory 200 in 47ms (compile: 1665µs, render: 45ms)
 GET /inventory?lowStock=true 200 in 31ms (compile: 1905µs, render: 29ms)
 GET /inventory 200 in 49ms (compile: 1732µs, render: 48ms)
 GET /inventory 200 in 45ms (compile: 1734µs, render: 43ms)
 GET /inventory 200 in 44ms (compile: 1705µs, render: 43ms)
 GET /inventory/adjustment 200 in 247ms (compile: 154ms, render: 93ms)
✓ Compiled in 263ms
 GET /inventory/adjustment 200 in 698ms (compile: 372ms, render: 326ms)
 GET /inventory/adjustment 200 in 186ms (compile: 5ms, render: 181ms)
 GET /inventory/adjustment 200 in 142ms (compile: 2ms, render: 139ms)
 GET /inventory/adjustment 200 in 81ms (compile: 5ms, render: 75ms)
 GET /inventory/adjustment 200 in 528ms (compile: 196ms, render: 332ms)
 GET /inventory/adjustment 200 in 218ms (compile: 6ms, render: 213ms)
 GET /inventory/adjustment 200 in 152ms (compile: 4ms, render: 148ms)
 GET /inventory/adjustment 200 in 62ms (compile: 8ms, render: 54ms)
 GET /inventory/adjustment 200 in 547ms (compile: 189ms, render: 357ms)
 GET /inventory/adjustment 200 in 214ms (compile: 6ms, render: 208ms)
 GET /inventory/adjustment 200 in 116ms (compile: 8ms, render: 108ms)
 GET /inventory/adjustment 200 in 67ms (compile: 7ms, render: 59ms)
 GET /inventory/adjustment 200 in 388ms (compile: 155ms, render: 233ms)
 GET /inventory/adjustment 200 in 147ms (compile: 3ms, render: 144ms)
 GET /inventory/adjustment 200 in 114ms (compile: 5ms, render: 110ms)
 GET /inventory/adjustment 200 in 55ms (compile: 4ms, render: 51ms)
✓ Compiled in 88ms
✓ Compiled in 111ms
✓ Compiled in 46ms
 GET /inventory/adjustment 200 in 281ms (compile: 171ms, render: 109ms)
 GET /inventory/adjustment 200 in 63ms (compile: 6ms, render: 57ms)
✓ Compiled in 637ms
 GET /inventory/adjustment 200 in 251ms (compile: 149ms, render: 102ms)
 GET /inventory/adjustment 200 in 307ms (compile: 3ms, render: 304ms)
 GET /inventory 200 in 257ms (compile: 123ms, render: 134ms)
 GET /inventory?lowStock=true 200 in 34ms (compile: 2ms, render: 31ms)
 GET /inventory 200 in 47ms (compile: 4ms, render: 42ms)
 GET /inventory 200 in 48ms (compile: 1886µs, render: 46ms)
⨯ Error [PrismaClientKnownRequestError]: 
Invalid `{imported module ./src/lib/prisma.ts}["prisma"].inventory.findMany()` invocation in
/home/nugroho/Documents/polyflow/.next/dev/server/chunks/ssr/_c3312b0d._.js:92:166

  89         }
  90     };
  91 }
→ 92 const inventory = await {imported module ./src/lib/prisma.ts}["prisma"].inventory.findMany(
The column `Inventory.minStockAlert` does not exist in the current database.
    at <unknown> (src/actions/inventory.ts:23:46)
    at async getInventoryStats (src/actions/inventory.ts:23:23)
    at async InventoryDashboard (src/app/inventory/page.tsx:15:39)
  21 |     }
  22 |
> 23 |     const inventory = await prisma.inventory.findMany({
     |                                              ^
  24 |         where,
  25 |         include: {
  26 |             productVariant: { {
  code: 'P2022',
  clientVersion: '5.22.0',
  meta: [Object],
  digest: '1008543020'
}
⨯ Error [PrismaClientKnownRequestError]: 
Invalid `{imported module ./src/lib/prisma.ts}["prisma"].inventory.findMany()` invocation in
/home/nugroho/Documents/polyflow/.next/dev/server/chunks/ssr/_c3312b0d._.js:92:166

  89         }
  90     };
  91 }
→ 92 const inventory = await {imported module ./src/lib/prisma.ts}["prisma"].inventory.findMany(
The column `Inventory.minStockAlert` does not exist in the current database.
    at <unknown> (src/actions/inventory.ts:23:46)
    at async getInventoryStats (src/actions/inventory.ts:23:23)
    at async InventoryDashboard (src/app/inventory/page.tsx:15:39)
  21 |     }
  22 |
> 23 |     const inventory = await prisma.inventory.findMany({
     |                                              ^
  24 |         where,
  25 |         include: {
  26 |             productVariant: { {
  code: 'P2022',
  clientVersion: '5.22.0',
  meta: [Object],
  digest: '1008543020'
}
⨯ Error [PrismaClientKnownRequestError]: 
Invalid `{imported module ./src/lib/prisma.ts}["prisma"].inventory.findMany()` invocation in
/home/nugroho/Documents/polyflow/.next/dev/server/chunks/ssr/_c3312b0d._.js:92:166

  89         }
  90     };
  91 }
→ 92 const inventory = await {imported module ./src/lib/prisma.ts}["prisma"].inventory.findMany(
The column `Inventory.minStockAlert` does not exist in the current database.
    at <unknown> (src/actions/inventory.ts:23:46)
    at async getInventoryStats (src/actions/inventory.ts:23:23)
    at async InventoryDashboard (src/app/inventory/page.tsx:15:39)
  21 |     }
  22 |
> 23 |     const inventory = await prisma.inventory.findMany({
     |                                              ^
  24 |         where,
  25 |         include: {
  26 |             productVariant: { {
  code: 'P2022',
  clientVersion: '5.22.0',
  meta: [Object],
  digest: '1008543020'
}
⨯ Error [PrismaClientKnownRequestError]: 
Invalid `{imported module ./src/lib/prisma.ts}["prisma"].inventory.findMany()` invocation in
/home/nugroho/Documents/polyflow/.next/dev/server/chunks/ssr/_c3312b0d._.js:92:166

  89         }
  90     };
  91 }
→ 92 const inventory = await {imported module ./src/lib/prisma.ts}["prisma"].inventory.findMany(
The column `Inventory.minStockAlert` does not exist in the current database.
    at <unknown> (src/actions/inventory.ts:23:46)
    at async getInventoryStats (src/actions/inventory.ts:23:23)
    at async InventoryDashboard (src/app/inventory/page.tsx:15:39)
  21 |     }
  22 |
> 23 |     const inventory = await prisma.inventory.findMany({
     |                                              ^
  24 |         where,
  25 |         include: {
  26 |             productVariant: { {
  code: 'P2022',
  clientVersion: '5.22.0',
  meta: [Object],
  digest: '1008543020'
}
 GET /inventory 200 in 668ms (compile: 360ms, render: 308ms)
 GET /inventory 200 in 182ms (compile: 5ms, render: 177ms)
 GET /inventory 200 in 85ms (compile: 3ms, render: 82ms)
 GET /inventory 200 in 48ms (compile: 1888µs, render: 46ms)
⚠ Fast Refresh had to perform a full reload due to a runtime error.
✓ Compiled in 35ms
⨯ Error [PrismaClientKnownRequestError]: 
Invalid `{imported module ./src/lib/prisma.ts}["prisma"].inventory.findMany()` invocation in
/home/nugroho/Documents/polyflow/.next/dev/server/chunks/ssr/_c3312b0d._.js:92:166

  89         }
  90     };
  91 }
→ 92 const inventory = await {imported module ./src/lib/prisma.ts}["prisma"].inventory.findMany(
The column `Inventory.minStockAlert` does not exist in the current database.
    at <unknown> (src/actions/inventory.ts:23:46)
    at async getInventoryStats (src/actions/inventory.ts:23:23)
    at async InventoryDashboard (src/app/inventory/page.tsx:15:39)
  21 |     }
  22 |
> 23 |     const inventory = await prisma.inventory.findMany({
     |                                              ^
  24 |         where,
  25 |         include: {
  26 |             productVariant: { {
  code: 'P2022',
  clientVersion: '5.22.0',
  meta: [Object],
  digest: '1008543020'
}
 GET /inventory 500 in 408ms (compile: 157ms, render: 252ms)
⚠ Fast Refresh had to perform a full reload due to a runtime error.
⨯ Error [PrismaClientKnownRequestError]: 
Invalid `{imported module ./src/lib/prisma.ts}["prisma"].inventory.findMany()` invocation in
/home/nugroho/Documents/polyflow/.next/dev/server/chunks/ssr/_c3312b0d._.js:92:166

  89         }
  90     };
  91 }
→ 92 const inventory = await {imported module ./src/lib/prisma.ts}["prisma"].inventory.findMany(
The column `Inventory.minStockAlert` does not exist in the current database.
    at <unknown> (src/actions/inventory.ts:23:46)
    at async getInventoryStats (src/actions/inventory.ts:23:23)
    at async InventoryDashboard (src/app/inventory/page.tsx:15:39)
  21 |     }
  22 |
> 23 |     const inventory = await prisma.inventory.findMany({
     |                                              ^
  24 |         where,
  25 |         include: {
  26 |             productVariant: { {
  code: 'P2022',
  clientVersion: '5.22.0',
  meta: [Object],
  digest: '1008543020'
}
 GET /inventory 500 in 533ms (compile: 178ms, render: 355ms)
⨯ Error [PrismaClientKnownRequestError]: 
Invalid `{imported module ./src/lib/prisma.ts}["prisma"].inventory.findMany()` invocation in
/home/nugroho/Documents/polyflow/.next/dev/server/chunks/ssr/_c3312b0d._.js:92:166

  89         }
  90     };
  91 }
→ 92 const inventory = await {imported module ./src/lib/prisma.ts}["prisma"].inventory.findMany(
The column `Inventory.minStockAlert` does not exist in the current database.
    at <unknown> (src/actions/inventory.ts:23:46)
    at async getInventoryStats (src/actions/inventory.ts:23:23)
    at async InventoryDashboard (src/app/inventory/page.tsx:15:39)
  21 |     }
  22 |
> 23 |     const inventory = await prisma.inventory.findMany({
     |                                              ^
  24 |         where,
  25 |         include: {
  26 |             productVariant: { {
  code: 'P2022',
  clientVersion: '5.22.0',
  meta: [Object],
  digest: '1008543020'
}
 GET /inventory 500 in 258ms (compile: 87ms, render: 171ms)
⨯ Error [PrismaClientKnownRequestError]: 
Invalid `{imported module ./src/lib/prisma.ts}["prisma"].inventory.findMany()` invocation in
/home/nugroho/Documents/polyflow/.next/dev/server/chunks/ssr/_c3312b0d._.js:92:166

  89         }
  90     };
  91 }
→ 92 const inventory = await {imported module ./src/lib/prisma.ts}["prisma"].inventory.findMany(
The column `Inventory.minStockAlert` does not exist in the current database.
    at <unknown> (src/actions/inventory.ts:23:46)
    at async getInventoryStats (src/actions/inventory.ts:23:23)
    at async InventoryDashboard (src/app/inventory/page.tsx:15:39)
  21 |     }
  22 |
> 23 |     const inventory = await prisma.inventory.findMany({
     |                                              ^
  24 |         where,
  25 |         include: {
  26 |             productVariant: { {
  code: 'P2022',
  clientVersion: '5.22.0',
  meta: [Object],
  digest: '1008543020'
}
 GET /inventory 500 in 174ms (compile: 20ms, render: 153ms)
✓ Compiled in 401ms
⨯ Error [PrismaClientValidationError]: 
Invalid `{imported module ./src/lib/prisma.ts}["prisma"].inventory.findMany()` invocation in
/home/nugroho/Documents/polyflow/.next/dev/server/chunks/ssr/_c3312b0d._.js:92:166

  89         }
  90     };
  91 }
→ 92 const inventory = await {imported module ./src/lib/prisma.ts}["prisma"].inventory.findMany({
       where: {},
       select: {
         id: true,
         locationId: true,
         productVariantId: true,
         quantity: true,
         updatedAt: true,
         productVariant: {
           select: {
             id: true,
             name: true,
             skuCode: true,
             primaryUnit: true,
             minStockAlert: true,
             ~~~~~~~~~~~~~
             product: {
               select: {
                 id: true,
                 name: true,
                 productType: true
               }
             },
     ?       productId?: true,
     ?       price?: true,
     ?       buyPrice?: true,
     ?       sellPrice?: true,
     ?       salesUnit?: true,
     ?       conversionFactor?: true,
     ?       attributes?: true,
     ?       createdAt?: true,
     ?       updatedAt?: true,
     ?       inventories?: true,
     ?       movements?: true,
     ?       productionBoms?: true,
     ?       ingredientInBoms?: true,
     ?       _count?: true
           }
         },
         location: {
           select: {
             id: true,
             name: true
           }
         }
       },
       orderBy: {
         productVariant: {
           name: "asc"
         }
       }
     })

Unknown field `minStockAlert` for select statement on model `ProductVariant`. Available options are marked with ?.
    at <unknown> (src/actions/inventory.ts:23:46)
    at async getInventoryStats (src/actions/inventory.ts:23:23)
    at async InventoryDashboard (src/app/inventory/page.tsx:15:39)
  21 |     }
  22 |
> 23 |     const inventory = await prisma.inventory.findMany({
     |                                              ^
  24 |         where,
  25 |         select: {
  26 |             id: true, {
  clientVersion: '5.22.0',
  digest: '536584161'
}
 GET /inventory 500 in 2.3s (compile: 1135ms, render: 1167ms)
⨯ Error [PrismaClientValidationError]: 
Invalid `{imported module ./src/lib/prisma.ts}["prisma"].inventory.findMany()` invocation in
/home/nugroho/Documents/polyflow/.next/dev/server/chunks/ssr/_c3312b0d._.js:92:166

  89         }
  90     };
  91 }
→ 92 const inventory = await {imported module ./src/lib/prisma.ts}["prisma"].inventory.findMany({
       where: {},
       select: {
         id: true,
         locationId: true,
         productVariantId: true,
         quantity: true,
         updatedAt: true,
         productVariant: {
           select: {
             id: true,
             name: true,
             skuCode: true,
             primaryUnit: true,
             minStockAlert: true,
             ~~~~~~~~~~~~~
             product: {
               select: {
                 id: true,
                 name: true,
                 productType: true
               }
             },
     ?       productId?: true,
     ?       price?: true,
     ?       buyPrice?: true,
     ?       sellPrice?: true,
     ?       salesUnit?: true,
     ?       conversionFactor?: true,
     ?       attributes?: true,
     ?       createdAt?: true,
     ?       updatedAt?: true,
     ?       inventories?: true,
     ?       movements?: true,
     ?       productionBoms?: true,
     ?       ingredientInBoms?: true,
     ?       _count?: true
           }
         },
         location: {
           select: {
             id: true,
             name: true
           }
         }
       },
       orderBy: {
         productVariant: {
           name: "asc"
         }
       }
     })

Unknown field `minStockAlert` for select statement on model `ProductVariant`. Available options are marked with ?.
    at <unknown> (src/actions/inventory.ts:23:46)
    at async getInventoryStats (src/actions/inventory.ts:23:23)
    at async InventoryDashboard (src/app/inventory/page.tsx:15:39)
  21 |     }
  22 |
> 23 |     const inventory = await prisma.inventory.findMany({
     |                                              ^
  24 |         where,
  25 |         select: {
  26 |             id: true, {
  clientVersion: '5.22.0',
  digest: '536584161'
}
 GET /inventory 500 in 1403ms (compile: 804ms, render: 599ms)
⨯ Error [PrismaClientValidationError]: 
Invalid `{imported module ./src/lib/prisma.ts}["prisma"].inventory.findMany()` invocation in
/home/nugroho/Documents/polyflow/.next/dev/server/chunks/ssr/_c3312b0d._.js:92:166

  89         }
  90     };
  91 }
→ 92 const inventory = await {imported module ./src/lib/prisma.ts}["prisma"].inventory.findMany({
       where: {},
       select: {
         id: true,
         locationId: true,
         productVariantId: true,
         quantity: true,
         updatedAt: true,
         productVariant: {
           select: {
             id: true,
             name: true,
             skuCode: true,
             primaryUnit: true,
             minStockAlert: true,
             ~~~~~~~~~~~~~
             product: {
               select: {
                 id: true,
                 name: true,
                 productType: true
               }
             },
     ?       productId?: true,
     ?       price?: true,
     ?       buyPrice?: true,
     ?       sellPrice?: true,
     ?       salesUnit?: true,
     ?       conversionFactor?: true,
     ?       attributes?: true,
     ?       createdAt?: true,
     ?       updatedAt?: true,
     ?       inventories?: true,
     ?       movements?: true,
     ?       productionBoms?: true,
     ?       ingredientInBoms?: true,
     ?       _count?: true
           }
         },
         location: {
           select: {
             id: true,
             name: true
           }
         }
       },
       orderBy: {
         productVariant: {
           name: "asc"
         }
       }
     })

Unknown field `minStockAlert` for select statement on model `ProductVariant`. Available options are marked with ?.
    at <unknown> (src/actions/inventory.ts:23:46)
    at async getInventoryStats (src/actions/inventory.ts:23:23)
    at async InventoryDashboard (src/app/inventory/page.tsx:15:39)
  21 |     }
  22 |
> 23 |     const inventory = await prisma.inventory.findMany({
     |                                              ^
  24 |         where,
  25 |         select: {
  26 |             id: true, {
  clientVersion: '5.22.0',
  digest: '536584161'
}
 GET /inventory 500 in 140ms (compile: 37ms, render: 103ms)
⨯ ReferenceError: getInventoryStats is not defined
    at InventoryDashboard (src/app/inventory/page.tsx:7:53)
   5 | }) {
   6 |     const params = await searchParams;
>  7 |     const [allInventory, locations] = await Promise.all([
     |                                                     ^
   8 |         getInventoryStats(),
   9 |         getLocations(),
  10 |     ]); {
  digest: '3183277342'
}
 GET /inventory 500 in 708ms (compile: 454ms, render: 254ms)
⨯ ReferenceError: getInventoryStats is not defined
    at InventoryDashboard (src/app/inventory/page.tsx:7:53)
   5 | }) {
   6 |     const params = await searchParams;
>  7 |     const [allInventory, locations] = await Promise.all([
     |                                                     ^
   8 |         getInventoryStats(),
   9 |         getLocations(),
  10 |     ]); {
  digest: '3183277342'
}
 GET /inventory 500 in 368ms (compile: 130ms, render: 238ms)
⨯ Error [PrismaClientValidationError]: 
Invalid `{imported module ./src/lib/prisma.ts}["prisma"].inventory.findMany()` invocation in
/home/nugroho/Documents/polyflow/.next/dev/server/chunks/ssr/_c3312b0d._.js:92:166

  89         }
  90     };
  91 }
→ 92 const inventory = await {imported module ./src/lib/prisma.ts}["prisma"].inventory.findMany({
       where: {},
       select: {
         id: true,
         locationId: true,
         productVariantId: true,
         quantity: true,
         updatedAt: true,
         productVariant: {
           select: {
             id: true,
             name: true,
             skuCode: true,
             primaryUnit: true,
             minStockAlert: true,
             ~~~~~~~~~~~~~
             product: {
               select: {
                 id: true,
                 name: true,
                 productType: true
               }
             },
     ?       productId?: true,
     ?       price?: true,
     ?       buyPrice?: true,
     ?       sellPrice?: true,
     ?       salesUnit?: true,
     ?       conversionFactor?: true,
     ?       attributes?: true,
     ?       createdAt?: true,
     ?       updatedAt?: true,
     ?       inventories?: true,
     ?       movements?: true,
     ?       productionBoms?: true,
     ?       ingredientInBoms?: true,
     ?       _count?: true
           }
         },
         location: {
           select: {
             id: true,
             name: true
           }
         }
       },
       orderBy: {
         productVariant: {
           name: "asc"
         }
       }
     })

Unknown field `minStockAlert` for select statement on model `ProductVariant`. Available options are marked with ?.
    at <unknown> (src/actions/inventory.ts:23:46)
    at async getInventoryStats (src/actions/inventory.ts:23:23)
    at async InventoryDashboard (src/app/inventory/page.tsx:15:39)
  21 |     }
  22 |
> 23 |     const inventory = await prisma.inventory.findMany({
     |                                              ^
  24 |         where,
  25 |         select: {
  26 |             id: true, {
  clientVersion: '5.22.0',
  digest: '536584161'
}
 GET /inventory 500 in 943ms (compile: 630ms, render: 313ms)
⨯ Error [PrismaClientValidationError]: 
Invalid `{imported module ./src/lib/prisma.ts}["prisma"].inventory.findMany()` invocation in
/home/nugroho/Documents/polyflow/.next/dev/server/chunks/ssr/_c3312b0d._.js:92:166

  89         }
  90     };
  91 }
→ 92 const inventory = await {imported module ./src/lib/prisma.ts}["prisma"].inventory.findMany({
       where: {},
       select: {
         id: true,
         locationId: true,
         productVariantId: true,
         quantity: true,
         updatedAt: true,
         productVariant: {
           select: {
             id: true,
             name: true,
             skuCode: true,
             primaryUnit: true,
             minStockAlert: true,
             ~~~~~~~~~~~~~
             product: {
               select: {
                 id: true,
                 name: true,
                 productType: true
               }
             },
     ?       productId?: true,
     ?       price?: true,
     ?       buyPrice?: true,
     ?       sellPrice?: true,
     ?       salesUnit?: true,
     ?       conversionFactor?: true,
     ?       attributes?: true,
     ?       createdAt?: true,
     ?       updatedAt?: true,
     ?       inventories?: true,
     ?       movements?: true,
     ?       productionBoms?: true,
     ?       ingredientInBoms?: true,
     ?       _count?: true
           }
         },
         location: {
           select: {
             id: true,
             name: true
           }
         }
       },
       orderBy: {
         productVariant: {
           name: "asc"
         }
       }
     })

Unknown field `minStockAlert` for select statement on model `ProductVariant`. Available options are marked with ?.
    at <unknown> (src/actions/inventory.ts:23:46)
    at async getInventoryStats (src/actions/inventory.ts:23:23)
    at async InventoryDashboard (src/app/inventory/page.tsx:15:39)
  21 |     }
  22 |
> 23 |     const inventory = await prisma.inventory.findMany({
     |                                              ^
  24 |         where,
  25 |         select: {
  26 |             id: true, {
  clientVersion: '5.22.0',
  digest: '536584161'
}
 GET /inventory 500 in 256ms (compile: 33ms, render: 223ms)
⨯ Error [PrismaClientValidationError]: 
Invalid `{imported module ./src/lib/prisma.ts}["prisma"].inventory.findMany()` invocation in
/home/nugroho/Documents/polyflow/.next/dev/server/chunks/ssr/_c3312b0d._.js:92:166

  89         }
  90     };
  91 }
→ 92 const inventory = await {imported module ./src/lib/prisma.ts}["prisma"].inventory.findMany({
       where: {},
       select: {
         id: true,
         locationId: true,
         productVariantId: true,
         quantity: true,
         updatedAt: true,
         productVariant: {
           select: {
             id: true,
             name: true,
             skuCode: true,
             primaryUnit: true,
             minStockAlert: true,
             ~~~~~~~~~~~~~
             product: {
               select: {
                 id: true,
                 name: true,
                 productType: true
               }
             },
     ?       productId?: true,
     ?       price?: true,
     ?       buyPrice?: true,
     ?       sellPrice?: true,
     ?       salesUnit?: true,
     ?       conversionFactor?: true,
     ?       attributes?: true,
     ?       createdAt?: true,
     ?       updatedAt?: true,
     ?       inventories?: true,
     ?       movements?: true,
     ?       productionBoms?: true,
     ?       ingredientInBoms?: true,
     ?       _count?: true
           }
         },
         location: {
           select: {
             id: true,
             name: true
           }
         }
       },
       orderBy: {
         productVariant: {
           name: "asc"
         }
       }
     })

Unknown field `minStockAlert` for select statement on model `ProductVariant`. Available options are marked with ?.
    at <unknown> (src/actions/inventory.ts:23:46)
    at async getInventoryStats (src/actions/inventory.ts:23:23)
    at async InventoryDashboard (src/app/inventory/page.tsx:15:39)
  21 |     }
  22 |
> 23 |     const inventory = await prisma.inventory.findMany({
     |                                              ^
  24 |         where,
  25 |         select: {
  26 |             id: true, {
  clientVersion: '5.22.0',
  digest: '536584161'
}
 GET /inventory 500 in 222ms (compile: 49ms, render: 173ms)
 GET / 200 in 857ms (compile: 380ms, render: 477ms)
⨯ Error [PrismaClientValidationError]: 
Invalid `{imported module ./src/lib/prisma.ts}["prisma"].inventory.findMany()` invocation in
/home/nugroho/Documents/polyflow/.next/dev/server/chunks/ssr/_c3312b0d._.js:92:166

  89         }
  90     };
  91 }
→ 92 const inventory = await {imported module ./src/lib/prisma.ts}["prisma"].inventory.findMany({
       where: {},
       select: {
         id: true,
         locationId: true,
         productVariantId: true,
         quantity: true,
         updatedAt: true,
         productVariant: {
           select: {
             id: true,
             name: true,
             skuCode: true,
             primaryUnit: true,
             minStockAlert: true,
             ~~~~~~~~~~~~~
             product: {
               select: {
                 id: true,
                 name: true,
                 productType: true
               }
             },
     ?       productId?: true,
     ?       price?: true,
     ?       buyPrice?: true,
     ?       sellPrice?: true,
     ?       salesUnit?: true,
     ?       conversionFactor?: true,
     ?       attributes?: true,
     ?       createdAt?: true,
     ?       updatedAt?: true,
     ?       inventories?: true,
     ?       movements?: true,
     ?       productionBoms?: true,
     ?       ingredientInBoms?: true,
     ?       _count?: true
           }
         },
         location: {
           select: {
             id: true,
             name: true
           }
         }
       },
       orderBy: {
         productVariant: {
           name: "asc"
         }
       }
     })

Unknown field `minStockAlert` for select statement on model `ProductVariant`. Available options are marked with ?.
    at <unknown> (src/actions/inventory.ts:47:46)
    at async getInventoryStats (src/actions/inventory.ts:47:23)
    at async InventoryDashboard (src/app/inventory/page.tsx:15:39)
  45 |     }
  46 |
> 47 |     const inventory = await prisma.inventory.findMany({
     |                                              ^
  48 |         where,
  49 |         select: {
  50 |             id: true, {
  clientVersion: '5.22.0',
  digest: '536584161'
}
 GET /inventory 500 in 559ms (compile: 302ms, render: 256ms)
